<?xml version="1.0" encoding="UTF-8"?>
<!-- Generated by org.testng.reporters.JUnitReportReporter -->
<testsuite skipped="0" hostname="W1552540" name="abcd.Test1" tests="3" failures="0" timestamp="09 Dec 2017 06:11:50 GMT" time="0.016" errors="0">
  <testcase name="addVendor" time="0.014" classname="abcd.Test1"/>
  <testcase name="addProduct" time="0.002" classname="abcd.Test1"/>
  <testcase name="addCurrency" time="0.000" classname="abcd.Test1"/>
</testsuite> <!-- abcd.Test1 -->
