<?xml version="1.0" encoding="UTF-8"?>
<!-- Generated by org.testng.reporters.JUnitReportReporter -->
<testsuite skipped="0" hostname="W1552540" name="abcd.Test3" tests="5" failures="0" timestamp="09 Dec 2017 06:27:33 GMT" time="0.028" errors="0">
  <testcase name="login" time="0.020" classname="abcd.Test3"/>
  <testcase name="advancedSearch" time="0.004" classname="abcd.Test3"/>
  <testcase name="billPayment" time="0.000" classname="abcd.Test3"/>
  <testcase name="prepaidRecharge" time="0.000" classname="abcd.Test3"/>
  <testcase name="logout" time="0.004" classname="abcd.Test3"/>
</testsuite> <!-- abcd.Test3 -->
