<?xml version="1.0" encoding="UTF-8"?>
<!-- Generated by org.testng.reporters.JUnitReportReporter -->
<testsuite skipped="1" hostname="W1552540" name="abcd.Datadriven" tests="1" failures="0" timestamp="11 Dec 2017 10:49:05 GMT" time="0.000" errors="0">
  <testcase name="adminLogin" time="0.000" classname="abcd.Datadriven">
    <skipped/>
  </testcase> <!-- adminLogin -->
</testsuite> <!-- abcd.Datadriven -->
