<?xml version="1.0" encoding="UTF-8"?>
<!-- Generated by org.testng.reporters.JUnitReportReporter -->
<testsuite skipped="0" hostname="W1552540" name="abcd.TestNG" tests="4" failures="0" timestamp="04 Dec 2017 08:06:06 GMT" time="8.562" errors="0">
  <testcase name="launchBrowser" time="3.227" classname="abcd.TestNG"/>
  <testcase name="verifygoogle" time="1.934" classname="abcd.TestNG"/>
  <testcase name="verifyYahoo" time="3.229" classname="abcd.TestNG"/>
  <testcase name="closeBrowser" time="0.172" classname="abcd.TestNG"/>
</testsuite> <!-- abcd.TestNG -->
